
All Done
OK----->



----------------------------------------------------------------------------------------------------------------------------
----------------------------------------------------------------------------------------------------------------------------
----------------------------------------------------------------------------------------------------------------------------
Time: 2020-07-15 21:22:49.515920
Started Update Process
--------------------------------------

Contacts

Extracts Coverage Summary for all Locations 
Updating for 1 codes

Excecuting: VE.03 (1 of 1) from 2020-07-14 23:00:00 to 2020-07-15 00:00:00
   Creating table contactos_temp_table, partitioned on column timestamp for depto_code: VE.03
      Done. Records for VE.03 loaded to the table contactos_temp_table. Time: 0.04m

   Started
      Interval: From  2020-07-14 23:00:00 to 2020-07-15 00:00:00. Jump: 12 hours, Accuracy: 30. Excecution Time: 2.2s. Time Since Start: 0.0m

   Done
   Total time: 0.04 minutes
-------------

Global Time Ellapsed: 0.18 minutes

Total time: 0.18 minutes
--------------------------------------

Transits

Started
   Excecuting: colombia_university_rosario_campus_norte (1 of 1)
      Adding transtits for: colombia_university_rosario_campus_norte. Between: 2020-07-14 and 2020-07-15
      Done
   Current Time: 0.34 minutes


-------------------
Total Time: 0.34 minutes
--------------------------------------

Edgelists

Extracting Coverage
Started
   Excecuting: colombia_university_andes_cede_principal (1 of 2)
   Current Time: 0.0 minutes

   Excecuting: colombia_university_rosario_campus_norte (2 of 2)
      Computing 2020-07-13 00:00:00
   Current Time: 0.05 minutes

Saves coverage

-------------------
Total Time: 0.17 minutes
--------------------------------------

All Done
OK----->



----------------------------------------------------------------------------------------------------------------------------
----------------------------------------------------------------------------------------------------------------------------
----------------------------------------------------------------------------------------------------------------------------
Time: 2020-07-15 21:34:24.930301
Started Update Process
--------------------------------------

Contacts

Extracts Coverage Summary for all Locations 
Updating for 1 codes

Excecuting: VE.03 (1 of 1) from 2020-07-14 23:00:00 to 2020-07-15 00:00:00
   Creating table contactos_temp_table, partitioned on column timestamp for depto_code: VE.03
      Done. Records for VE.03 loaded to the table contactos_temp_table. Time: 0.07m

   Started
      Interval: From  2020-07-14 23:00:00 to 2020-07-15 00:00:00. Jump: 12 hours, Accuracy: 30. Excecution Time: 2.16s. Time Since Start: 0.0m

   Done
   Total time: 0.04 minutes
-------------

Global Time Ellapsed: 0.2 minutes

Total time: 0.2 minutes
--------------------------------------

Transits

Started
   Excecuting: colombia_university_rosario_campus_norte (1 of 1)
      Adding transtits for: colombia_university_rosario_campus_norte. Between: 2020-07-14 and 2020-07-15
      Done
   Current Time: 0.39 minutes


-------------------
Total Time: 0.39 minutes
--------------------------------------

Edgelists

Extracting Coverage
Started
   Excecuting: colombia_university_andes_cede_principal (1 of 2)
   Current Time: 0.0 minutes

   Excecuting: colombia_university_rosario_campus_norte (2 of 2)
      Computing 2020-07-13 00:00:00
   Current Time: 0.04 minutes

Saves coverage

-------------------
Total Time: 0.14 minutes
--------------------------------------

All Done
<-----OK----->



----------------------------------------------------------------------------------------------------------------------------
----------------------------------------------------------------------------------------------------------------------------
----------------------------------------------------------------------------------------------------------------------------
Time: 2020-07-21 00:39:30.877437
Started Update Process
--------------------------------------

Depto Codes

Depto Codes up to date.
Done
--------------------------------------

Contacts

Extracts Coverage Summary for all Locations 
Updating for 24 codes

Excecuting: CO.20 (1 of 24) from 2020-07-17 00:00:00 to 2020-07-21 00:00:00
   Creating table contactos_temp_table, partitioned on column timestamp for depto_code: CO.20
      Done. Records for CO.20 loaded to the table contactos_temp_table. Time: 0.1m

   Started
      Interval: From  2020-07-17 00:00:00 to 2020-07-17 12:00:00. Jump: 12 hours, Accuracy: 30. Excecution Time: 4.15s. Time Since Start: 0.1m
      Interval: From  2020-07-17 12:00:00 to 2020-07-18 00:00:00. Jump: 12 hours, Accuracy: 30. Excecution Time: 3.91s. Time Since Start: 0.1m
      Interval: From  2020-07-18 00:00:00 to 2020-07-18 12:00:00. Jump: 12 hours, Accuracy: 30. Excecution Time: 3.08s. Time Since Start: 0.2m
      Interval: From  2020-07-18 12:00:00 to 2020-07-19 00:00:00. Jump: 12 hours, Accuracy: 30. Excecution Time: 3.56s. Time Since Start: 0.2m
      Interval: From  2020-07-19 00:00:00 to 2020-07-19 12:00:00. Jump: 12 hours, Accuracy: 30. Excecution Time: 3.91s. Time Since Start: 0.3m
      Interval: From  2020-07-19 12:00:00 to 2020-07-20 00:00:00. Jump: 12 hours, Accuracy: 30. Excecution Time: 4.07s. Time Since Start: 0.4m
      Interval: From  2020-07-20 00:00:00 to 2020-07-20 12:00:00. Jump: 12 hours, Accuracy: 30. Excecution Time: 3.5s. Time Since Start: 0.4m
      Interval: From  2020-07-20 12:00:00 to 2020-07-21 00:00:00. Jump: 12 hours, Accuracy: 30. Excecution Time: 3.11s. Time Since Start: 0.5m

   Done
   Total time: 0.49 minutes
-------------

Global Time Ellapsed: 0.71 minutes

Excecuting: CO.22 (2 of 24) from 2020-07-17 00:00:00 to 2020-07-21 00:00:00
   Creating table contactos_temp_table, partitioned on column timestamp for depto_code: CO.22
      Done. Records for CO.22 loaded to the table contactos_temp_table. Time: 0.08m

   Started
      Interval: From  2020-07-17 00:00:00 to 2020-07-17 12:00:00. Jump: 12 hours, Accuracy: 30. Excecution Time: 7.03s. Time Since Start: 0.1m
      Interval: From  2020-07-17 12:00:00 to 2020-07-18 00:00:00. Jump: 12 hours, Accuracy: 30. Excecution Time: 3.85s. Time Since Start: 0.2m
      Interval: From  2020-07-18 00:00:00 to 2020-07-18 12:00:00. Jump: 12 hours, Accuracy: 30. Excecution Time: 3.23s. Time Since Start: 0.2m
      Interval: From  2020-07-18 12:00:00 to 2020-07-19 00:00:00. Jump: 12 hours, Accuracy: 30. Excecution Time: 2.88s. Time Since Start: 0.3m
      Interval: From  2020-07-19 00:00:00 to 2020-07-19 12:00:00. Jump: 12 hours, Accuracy: 30. Excecution Time: 3.88s. Time Since Start: 0.3m
      Interval: From  2020-07-19 12:00:00 to 2020-07-20 00:00:00. Jump: 12 hours, Accuracy: 30. Excecution Time: 3.52s. Time Since Start: 0.4m
      Interval: From  2020-07-20 00:00:00 to 2020-07-20 12:00:00. Jump: 12 hours, Accuracy: 30. Excecution Time: 12.54s. Time Since Start: 0.6m
      Interval: From  2020-07-20 12:00:00 to 2020-07-21 00:00:00. Jump: 12 hours, Accuracy: 30. Excecution Time: 2.77s. Time Since Start: 0.7m

   Done
   Total time: 0.66 minutes
-------------

Global Time Ellapsed: 1.46 minutes

Excecuting: CO.09 (3 of 24) from 2020-07-17 00:00:00 to 2020-07-21 00:00:00
   Creating table contactos_temp_table, partitioned on column timestamp for depto_code: CO.09
      Done. Records for CO.09 loaded to the table contactos_temp_table. Time: 0.1m

   Started
      Interval: From  2020-07-17 00:00:00 to 2020-07-17 12:00:00. Jump: 12 hours, Accuracy: 30. Excecution Time: 4.52s. Time Since Start: 0.1m
      Interval: From  2020-07-17 12:00:00 to 2020-07-18 00:00:00. Jump: 12 hours, Accuracy: 30. Excecution Time: 4.44s. Time Since Start: 0.1m
      Interval: From  2020-07-18 00:00:00 to 2020-07-18 12:00:00. Jump: 12 hours, Accuracy: 30. Excecution Time: 3.92s. Time Since Start: 0.2m
      Interval: From  2020-07-18 12:00:00 to 2020-07-19 00:00:00. Jump: 12 hours, Accuracy: 30. Excecution Time: 3.3s. Time Since Start: 0.3m
      Interval: From  2020-07-19 00:00:00 to 2020-07-19 12:00:00. Jump: 12 hours, Accuracy: 30. Excecution Time: 3.4s. Time Since Start: 0.3m
      Interval: From  2020-07-19 12:00:00 to 2020-07-20 00:00:00. Jump: 12 hours, Accuracy: 30. Excecution Time: 3.68s. Time Since Start: 0.4m
      Interval: From  2020-07-20 00:00:00 to 2020-07-20 12:00:00. Jump: 12 hours, Accuracy: 30. Excecution Time: 6.88s. Time Since Start: 0.5m
      Interval: From  2020-07-20 12:00:00 to 2020-07-21 00:00:00. Jump: 12 hours, Accuracy: 30. Excecution Time: 3.21s. Time Since Start: 0.6m

   Done
   Total time: 0.56 minutes
-------------

Global Time Ellapsed: 2.11 minutes

Excecuting: CO.29 (4 of 24) from 2020-07-17 00:00:00 to 2020-07-21 00:00:00
   Creating table contactos_temp_table, partitioned on column timestamp for depto_code: CO.29
      Done. Records for CO.29 loaded to the table contactos_temp_table. Time: 0.3m

   Started
      Interval: From  2020-07-17 00:00:00 to 2020-07-17 12:00:00. Jump: 12 hours, Accuracy: 30. Excecution Time: 9.69s. Time Since Start: 0.2m
      Interval: From  2020-07-17 12:00:00 to 2020-07-18 00:00:00. Jump: 12 hours, Accuracy: 30. Excecution Time: 7.92s. Time Since Start: 0.3m
      Interval: From  2020-07-18 00:00:00 to 2020-07-18 12:00:00. Jump: 12 hours, Accuracy: 30. Excecution Time: 5.7s. Time Since Start: 0.4m
      Interval: From  2020-07-18 12:00:00 to 2020-07-19 00:00:00. Jump: 12 hours, Accuracy: 30. Excecution Time: 7.71s. Time Since Start: 0.5m
      Interval: From  2020-07-19 00:00:00 to 2020-07-19 12:00:00. Jump: 12 hours, Accuracy: 30. Excecution Time: 8.55s. Time Since Start: 0.7m
      Interval: From  2020-07-19 12:00:00 to 2020-07-20 00:00:00. Jump: 12 hours, Accuracy: 30. Excecution Time: 6.89s. Time Since Start: 0.8m
      Interval: From  2020-07-20 00:00:00 to 2020-07-20 12:00:00. Jump: 12 hours, Accuracy: 30. Excecution Time: 4.47s. Time Since Start: 0.8m
      Interval: From  2020-07-20 12:00:00 to 2020-07-21 00:00:00. Jump: 12 hours, Accuracy: 30. Excecution Time: 2.99s. Time Since Start: 0.9m

   Done
   Total time: 0.9 minutes
-------------

Global Time Ellapsed: 3.32 minutes

Excecuting: CO.16 (5 of 24) from 2020-07-17 00:00:00 to 2020-07-21 00:00:00
   Creating table contactos_temp_table, partitioned on column timestamp for depto_code: CO.16
      Done. Records for CO.16 loaded to the table contactos_temp_table. Time: 0.09m

   Started
      Interval: From  2020-07-17 00:00:00 to 2020-07-17 12:00:00. Jump: 12 hours, Accuracy: 30. Excecution Time: 3.83s. Time Since Start: 0.1m
      Interval: From  2020-07-17 12:00:00 to 2020-07-18 00:00:00. Jump: 12 hours, Accuracy: 30. Excecution Time: 4.05s. Time Since Start: 0.1m
      Interval: From  2020-07-18 00:00:00 to 2020-07-18 12:00:00. Jump: 12 hours, Accuracy: 30. Excecution Time: 3.81s. Time Since Start: 0.2m
      Interval: From  2020-07-18 12:00:00 to 2020-07-19 00:00:00. Jump: 12 hours, Accuracy: 30. Excecution Time: 3.51s. Time Since Start: 0.3m
      Interval: From  2020-07-19 00:00:00 to 2020-07-19 12:00:00. Jump: 12 hours, Accuracy: 30. Excecution Time: 3.47s. Time Since Start: 0.3m
      Interval: From  2020-07-19 12:00:00 to 2020-07-20 00:00:00. Jump: 12 hours, Accuracy: 30. Excecution Time: 3.94s. Time Since Start: 0.4m
      Interval: From  2020-07-20 00:00:00 to 2020-07-20 12:00:00. Jump: 12 hours, Accuracy: 30. Excecution Time: 3.17s. Time Since Start: 0.4m
      Interval: From  2020-07-20 12:00:00 to 2020-07-21 00:00:00. Jump: 12 hours, Accuracy: 30. Excecution Time: 2.53s. Time Since Start: 0.5m

   Done
   Total time: 0.47 minutes
-------------

Global Time Ellapsed: 3.89 minutes

Excecuting: CO.33 (6 of 24) from 2020-07-17 00:00:00 to 2020-07-21 00:00:00
   Creating table contactos_temp_table, partitioned on column timestamp for depto_code: CO.33
      Done. Records for CO.33 loaded to the table contactos_temp_table. Time: 0.21m

   Started
      Interval: From  2020-07-17 00:00:00 to 2020-07-17 12:00:00. Jump: 12 hours, Accuracy: 30. Excecution Time: 7.56s. Time Since Start: 0.1m
      Interval: From  2020-07-17 12:00:00 to 2020-07-18 00:00:00. Jump: 12 hours, Accuracy: 30. Excecution Time: 6.85s. Time Since Start: 0.2m
      Interval: From  2020-07-18 00:00:00 to 2020-07-18 12:00:00. Jump: 12 hours, Accuracy: 30. Excecution Time: 4.43s. Time Since Start: 0.3m
      Interval: From  2020-07-18 12:00:00 to 2020-07-19 00:00:00. Jump: 12 hours, Accuracy: 30. Excecution Time: 4.14s. Time Since Start: 0.4m
      Interval: From  2020-07-19 00:00:00 to 2020-07-19 12:00:00. Jump: 12 hours, Accuracy: 30. Excecution Time: 5.44s. Time Since Start: 0.5m
      Interval: From  2020-07-19 12:00:00 to 2020-07-20 00:00:00. Jump: 12 hours, Accuracy: 30. Excecution Time: 6.21s. Time Since Start: 0.6m
      Interval: From  2020-07-20 00:00:00 to 2020-07-20 12:00:00. Jump: 12 hours, Accuracy: 30. Excecution Time: 4.46s. Time Since Start: 0.7m
      Interval: From  2020-07-20 12:00:00 to 2020-07-21 00:00:00. Jump: 12 hours, Accuracy: 30. Excecution Time: 2.83s. Time Since Start: 0.7m

   Done
   Total time: 0.7 minutes
-------------

Global Time Ellapsed: 4.8 minutes

Excecuting: CO.34 (7 of 24) from 2020-07-17 00:00:00 to 2020-07-21 00:00:00
   Creating table contactos_temp_table, partitioned on column timestamp for depto_code: CO.34
      Done. Records for CO.34 loaded to the table contactos_temp_table. Time: 0.42m

   Started
      Interval: From  2020-07-17 00:00:00 to 2020-07-17 12:00:00. Jump: 12 hours, Accuracy: 30. Excecution Time: 18.87s. Time Since Start: 0.3m
      Interval: From  2020-07-17 12:00:00 to 2020-07-18 00:00:00. Jump: 12 hours, Accuracy: 30. Excecution Time: 17.58s. Time Since Start: 0.6m
      Interval: From  2020-07-18 00:00:00 to 2020-07-18 12:00:00. Jump: 12 hours, Accuracy: 30. Excecution Time: 9.73s. Time Since Start: 0.8m
      Interval: From  2020-07-18 12:00:00 to 2020-07-19 00:00:00. Jump: 12 hours, Accuracy: 30. Excecution Time: 14.89s. Time Since Start: 1.0m
      Interval: From  2020-07-19 00:00:00 to 2020-07-19 12:00:00. Jump: 12 hours, Accuracy: 30. Excecution Time: 20.07s. Time Since Start: 1.4m
      Interval: From  2020-07-19 12:00:00 to 2020-07-20 00:00:00. Jump: 12 hours, Accuracy: 30. Excecution Time: 10.98s. Time Since Start: 1.5m
      Interval: From  2020-07-20 00:00:00 to 2020-07-20 12:00:00. Jump: 12 hours, Accuracy: 30. Excecution Time: 9.29s. Time Since Start: 1.7m
      Interval: From  2020-07-20 12:00:00 to 2020-07-21 00:00:00. Jump: 12 hours, Accuracy: 30. Excecution Time: 4.42s. Time Since Start: 1.8m

   Done
   Total time: 1.76 minutes
-------------

Global Time Ellapsed: 6.99 minutes

Excecuting: CO.21 (8 of 24) from 2020-07-17 00:00:00 to 2020-07-21 00:00:00
   Creating table contactos_temp_table, partitioned on column timestamp for depto_code: CO.21
      Done. Records for CO.21 loaded to the table contactos_temp_table. Time: 0.1m

   Started
      Interval: From  2020-07-17 00:00:00 to 2020-07-17 12:00:00. Jump: 12 hours, Accuracy: 30. Excecution Time: 4.48s. Time Since Start: 0.1m
      Interval: From  2020-07-17 12:00:00 to 2020-07-18 00:00:00. Jump: 12 hours, Accuracy: 30. Excecution Time: 4.14s. Time Since Start: 0.1m
      Interval: From  2020-07-18 00:00:00 to 2020-07-18 12:00:00. Jump: 12 hours, Accuracy: 30. Excecution Time: 4.96s. Time Since Start: 0.2m
      Interval: From  2020-07-18 12:00:00 to 2020-07-19 00:00:00. Jump: 12 hours, Accuracy: 30. Excecution Time: 4.53s. Time Since Start: 0.3m
      Interval: From  2020-07-19 00:00:00 to 2020-07-19 12:00:00. Jump: 12 hours, Accuracy: 30. Excecution Time: 3.52s. Time Since Start: 0.4m
      Interval: From  2020-07-19 12:00:00 to 2020-07-20 00:00:00. Jump: 12 hours, Accuracy: 30. Excecution Time: 4.23s. Time Since Start: 0.4m
      Interval: From  2020-07-20 00:00:00 to 2020-07-20 12:00:00. Jump: 12 hours, Accuracy: 30. Excecution Time: 3.16s. Time Since Start: 0.5m
      Interval: From  2020-07-20 12:00:00 to 2020-07-21 00:00:00. Jump: 12 hours, Accuracy: 30. Excecution Time: 3.08s. Time Since Start: 0.5m

   Done
   Total time: 0.53 minutes
-------------

Global Time Ellapsed: 7.64 minutes

Excecuting: CO.26 (9 of 24) from 2020-07-17 00:00:00 to 2020-07-21 00:00:00
   Creating table contactos_temp_table, partitioned on column timestamp for depto_code: CO.26
      Done. Records for CO.26 loaded to the table contactos_temp_table. Time: 0.15m

   Started
      Interval: From  2020-07-17 00:00:00 to 2020-07-17 12:00:00. Jump: 12 hours, Accuracy: 30. Excecution Time: 8.35s. Time Since Start: 0.1m
      Interval: From  2020-07-17 12:00:00 to 2020-07-18 00:00:00. Jump: 12 hours, Accuracy: 30. Excecution Time: 5.75s. Time Since Start: 0.2m
      Interval: From  2020-07-18 00:00:00 to 2020-07-18 12:00:00. Jump: 12 hours, Accuracy: 30. Excecution Time: 4.24s. Time Since Start: 0.3m
      Interval: From  2020-07-18 12:00:00 to 2020-07-19 00:00:00. Jump: 12 hours, Accuracy: 30. Excecution Time: 4.01s. Time Since Start: 0.4m
      Interval: From  2020-07-19 00:00:00 to 2020-07-19 12:00:00. Jump: 12 hours, Accuracy: 30. Excecution Time: 4.7s. Time Since Start: 0.5m
      Interval: From  2020-07-19 12:00:00 to 2020-07-20 00:00:00. Jump: 12 hours, Accuracy: 30. Excecution Time: 4.68s. Time Since Start: 0.5m
      Interval: From  2020-07-20 00:00:00 to 2020-07-20 12:00:00. Jump: 12 hours, Accuracy: 30. Excecution Time: 3.67s. Time Since Start: 0.6m
      Interval: From  2020-07-20 12:00:00 to 2020-07-21 00:00:00. Jump: 12 hours, Accuracy: 30. Excecution Time: 2.77s. Time Since Start: 0.6m

   Done
   Total time: 0.64 minutes
-------------

Global Time Ellapsed: 8.42 minutes

Excecuting: CO.32 (10 of 24) from 2020-07-17 00:00:00 to 2020-07-21 00:00:00
   Creating table contactos_temp_table, partitioned on column timestamp for depto_code: CO.32
      Done. Records for CO.32 loaded to the table contactos_temp_table. Time: 0.08m

   Started
      Interval: From  2020-07-17 00:00:00 to 2020-07-17 12:00:00. Jump: 12 hours, Accuracy: 30. Excecution Time: 3.8s. Time Since Start: 0.1m
      Interval: From  2020-07-17 12:00:00 to 2020-07-18 00:00:00. Jump: 12 hours, Accuracy: 30. Excecution Time: 3.39s. Time Since Start: 0.1m
      Interval: From  2020-07-18 00:00:00 to 2020-07-18 12:00:00. Jump: 12 hours, Accuracy: 30. Excecution Time: 3.21s. Time Since Start: 0.2m
      Interval: From  2020-07-18 12:00:00 to 2020-07-19 00:00:00. Jump: 12 hours, Accuracy: 30. Excecution Time: 2.71s. Time Since Start: 0.2m
      Interval: From  2020-07-19 00:00:00 to 2020-07-19 12:00:00. Jump: 12 hours, Accuracy: 30. Excecution Time: 2.75s. Time Since Start: 0.3m
      Interval: From  2020-07-19 12:00:00 to 2020-07-20 00:00:00. Jump: 12 hours, Accuracy: 30. Excecution Time: 3.06s. Time Since Start: 0.3m
      Interval: From  2020-07-20 00:00:00 to 2020-07-20 12:00:00. Jump: 12 hours, Accuracy: 30. Excecution Time: 3.01s. Time Since Start: 0.4m
      Interval: From  2020-07-20 12:00:00 to 2020-07-21 00:00:00. Jump: 12 hours, Accuracy: 30. Excecution Time: 2.84s. Time Since Start: 0.4m

   Done
   Total time: 0.41 minutes
-------------

Global Time Ellapsed: 8.92 minutes

Excecuting: CO.03 (11 of 24) from 2020-07-17 00:00:00 to 2020-07-21 00:00:00
   Creating table contactos_temp_table, partitioned on column timestamp for depto_code: CO.03
      Done. Records for CO.03 loaded to the table contactos_temp_table. Time: 0.07m

   Started
      Interval: From  2020-07-17 00:00:00 to 2020-07-17 12:00:00. Jump: 12 hours, Accuracy: 30. Excecution Time: 3.14s. Time Since Start: 0.1m
      Interval: From  2020-07-17 12:00:00 to 2020-07-18 00:00:00. Jump: 12 hours, Accuracy: 30. Excecution Time: 5.82s. Time Since Start: 0.1m
      Interval: From  2020-07-18 00:00:00 to 2020-07-18 12:00:00. Jump: 12 hours, Accuracy: 30. Excecution Time: 2.8s. Time Since Start: 0.2m
      Interval: From  2020-07-18 12:00:00 to 2020-07-19 00:00:00. Jump: 12 hours, Accuracy: 30. Excecution Time: 2.79s. Time Since Start: 0.2m
      Interval: From  2020-07-19 00:00:00 to 2020-07-19 12:00:00. Jump: 12 hours, Accuracy: 30. Excecution Time: 3.03s. Time Since Start: 0.3m
      Interval: From  2020-07-19 12:00:00 to 2020-07-20 00:00:00. Jump: 12 hours, Accuracy: 30. Excecution Time: 2.79s. Time Since Start: 0.3m
      Interval: From  2020-07-20 00:00:00 to 2020-07-20 12:00:00. Jump: 12 hours, Accuracy: 30. Excecution Time: 2.85s. Time Since Start: 0.4m
      Interval: From  2020-07-20 12:00:00 to 2020-07-21 00:00:00. Jump: 12 hours, Accuracy: 30. Excecution Time: 3.07s. Time Since Start: 0.4m

   Done
   Total time: 0.44 minutes
-------------

Global Time Ellapsed: 9.43 minutes

Excecuting: CO.02 (12 of 24) from 2020-07-17 00:00:00 to 2020-07-21 00:00:00
   Creating table contactos_temp_table, partitioned on column timestamp for depto_code: CO.02
      Done. Records for CO.02 loaded to the table contactos_temp_table. Time: 0.24m

   Started
      Interval: From  2020-07-17 00:00:00 to 2020-07-17 12:00:00. Jump: 12 hours, Accuracy: 30. Excecution Time: 15.57s. Time Since Start: 0.3m
      Interval: From  2020-07-17 12:00:00 to 2020-07-18 00:00:00. Jump: 12 hours, Accuracy: 30. Excecution Time: 8.25s. Time Since Start: 0.4m
      Interval: From  2020-07-18 00:00:00 to 2020-07-18 12:00:00. Jump: 12 hours, Accuracy: 30. Excecution Time: 7.16s. Time Since Start: 0.5m
      Interval: From  2020-07-18 12:00:00 to 2020-07-19 00:00:00. Jump: 12 hours, Accuracy: 30. Excecution Time: 7.57s. Time Since Start: 0.6m
      Interval: From  2020-07-19 00:00:00 to 2020-07-19 12:00:00. Jump: 12 hours, Accuracy: 30. Excecution Time: 8.8s. Time Since Start: 0.8m
      Interval: From  2020-07-19 12:00:00 to 2020-07-20 00:00:00. Jump: 12 hours, Accuracy: 30. Excecution Time: 8.08s. Time Since Start: 0.9m
      Interval: From  2020-07-20 00:00:00 to 2020-07-20 12:00:00. Jump: 12 hours, Accuracy: 30. Excecution Time: 6.49s. Time Since Start: 1.0m
      Interval: From  2020-07-20 12:00:00 to 2020-07-21 00:00:00. Jump: 12 hours, Accuracy: 30. Excecution Time: 4.02s. Time Since Start: 1.1m

   Done
   Total time: 1.1 minutes
-------------

Global Time Ellapsed: 10.78 minutes

Excecuting: VE.03 (13 of 24) from 2020-07-17 00:00:00 to 2020-07-21 00:00:00
   Creating table contactos_temp_table, partitioned on column timestamp for depto_code: VE.03
      Done. Records for VE.03 loaded to the table contactos_temp_table. Time: 0.05m

   Started
      Interval: From  2020-07-17 00:00:00 to 2020-07-17 12:00:00. Jump: 12 hours, Accuracy: 30. Excecution Time: 2.78s. Time Since Start: 0.0m
      Interval: From  2020-07-17 12:00:00 to 2020-07-18 00:00:00. Jump: 12 hours, Accuracy: 30. Excecution Time: 2.89s. Time Since Start: 0.1m
      Interval: From  2020-07-18 00:00:00 to 2020-07-18 12:00:00. Jump: 12 hours, Accuracy: 30. Excecution Time: 4.43s. Time Since Start: 0.2m
      Interval: From  2020-07-18 12:00:00 to 2020-07-19 00:00:00. Jump: 12 hours, Accuracy: 30. Excecution Time: 2.72s. Time Since Start: 0.2m
      Interval: From  2020-07-19 00:00:00 to 2020-07-19 12:00:00. Jump: 12 hours, Accuracy: 30. Excecution Time: 2.58s. Time Since Start: 0.3m
      Interval: From  2020-07-19 12:00:00 to 2020-07-20 00:00:00. Jump: 12 hours, Accuracy: 30. Excecution Time: 2.47s. Time Since Start: 0.3m
      Interval: From  2020-07-20 00:00:00 to 2020-07-20 12:00:00. Jump: 12 hours, Accuracy: 30. Excecution Time: 2.74s. Time Since Start: 0.3m
      Interval: From  2020-07-20 12:00:00 to 2020-07-21 00:00:00. Jump: 12 hours, Accuracy: 30. Excecution Time: 2.88s. Time Since Start: 0.4m

   Done
   Total time: 0.39 minutes
-------------

Global Time Ellapsed: 11.22 minutes

Excecuting: CO.36 (14 of 24) from 2020-07-17 00:00:00 to 2020-07-21 00:00:00
   Creating table contactos_temp_table, partitioned on column timestamp for depto_code: CO.36
      Done. Records for CO.36 loaded to the table contactos_temp_table. Time: 0.11m

   Started
      Interval: From  2020-07-17 00:00:00 to 2020-07-17 12:00:00. Jump: 12 hours, Accuracy: 30. Excecution Time: 4.27s. Time Since Start: 0.1m
      Interval: From  2020-07-17 12:00:00 to 2020-07-18 00:00:00. Jump: 12 hours, Accuracy: 30. Excecution Time: 4.1s. Time Since Start: 0.1m
      Interval: From  2020-07-18 00:00:00 to 2020-07-18 12:00:00. Jump: 12 hours, Accuracy: 30. Excecution Time: 3.14s. Time Since Start: 0.2m
      Interval: From  2020-07-18 12:00:00 to 2020-07-19 00:00:00. Jump: 12 hours, Accuracy: 30. Excecution Time: 3.37s. Time Since Start: 0.2m
      Interval: From  2020-07-19 00:00:00 to 2020-07-19 12:00:00. Jump: 12 hours, Accuracy: 30. Excecution Time: 4.07s. Time Since Start: 0.3m
      Interval: From  2020-07-19 12:00:00 to 2020-07-20 00:00:00. Jump: 12 hours, Accuracy: 30. Excecution Time: 3.13s. Time Since Start: 0.4m
      Interval: From  2020-07-20 00:00:00 to 2020-07-20 12:00:00. Jump: 12 hours, Accuracy: 30. Excecution Time: 3.06s. Time Since Start: 0.4m
      Interval: From  2020-07-20 12:00:00 to 2020-07-21 00:00:00. Jump: 12 hours, Accuracy: 30. Excecution Time: 3.03s. Time Since Start: 0.5m

   Done
   Total time: 0.47 minutes
-------------

Global Time Ellapsed: 11.8 minutes

Excecuting: CO.35 (15 of 24) from 2020-07-17 00:00:00 to 2020-07-21 00:00:00
   Creating table contactos_temp_table, partitioned on column timestamp for depto_code: CO.35
      Done. Records for CO.35 loaded to the table contactos_temp_table. Time: 0.15m

   Started
      Interval: From  2020-07-17 00:00:00 to 2020-07-17 12:00:00. Jump: 12 hours, Accuracy: 30. Excecution Time: 5.0s. Time Since Start: 0.1m
      Interval: From  2020-07-17 12:00:00 to 2020-07-18 00:00:00. Jump: 12 hours, Accuracy: 30. Excecution Time: 4.37s. Time Since Start: 0.2m
      Interval: From  2020-07-18 00:00:00 to 2020-07-18 12:00:00. Jump: 12 hours, Accuracy: 30. Excecution Time: 3.75s. Time Since Start: 0.2m
      Interval: From  2020-07-18 12:00:00 to 2020-07-19 00:00:00. Jump: 12 hours, Accuracy: 30. Excecution Time: 3.93s. Time Since Start: 0.3m
      Interval: From  2020-07-19 00:00:00 to 2020-07-19 12:00:00. Jump: 12 hours, Accuracy: 30. Excecution Time: 4.04s. Time Since Start: 0.4m
      Interval: From  2020-07-19 12:00:00 to 2020-07-20 00:00:00. Jump: 12 hours, Accuracy: 30. Excecution Time: 5.65s. Time Since Start: 0.4m
      Interval: From  2020-07-20 00:00:00 to 2020-07-20 12:00:00. Jump: 12 hours, Accuracy: 30. Excecution Time: 3.68s. Time Since Start: 0.5m
      Interval: From  2020-07-20 12:00:00 to 2020-07-21 00:00:00. Jump: 12 hours, Accuracy: 30. Excecution Time: 2.87s. Time Since Start: 0.6m

   Done
   Total time: 0.55 minutes
-------------

Global Time Ellapsed: 12.52 minutes

Excecuting: CO.12 (16 of 24) from 2020-07-17 00:00:00 to 2020-07-21 00:00:00
   Creating table contactos_temp_table, partitioned on column timestamp for depto_code: CO.12
      Done. Records for CO.12 loaded to the table contactos_temp_table. Time: 0.11m

   Started
      Interval: From  2020-07-17 00:00:00 to 2020-07-17 12:00:00. Jump: 12 hours, Accuracy: 30. Excecution Time: 3.72s. Time Since Start: 0.1m
      Interval: From  2020-07-17 12:00:00 to 2020-07-18 00:00:00. Jump: 12 hours, Accuracy: 30. Excecution Time: 6.2s. Time Since Start: 0.2m
      Interval: From  2020-07-18 00:00:00 to 2020-07-18 12:00:00. Jump: 12 hours, Accuracy: 30. Excecution Time: 2.8s. Time Since Start: 0.2m
      Interval: From  2020-07-18 12:00:00 to 2020-07-19 00:00:00. Jump: 12 hours, Accuracy: 30. Excecution Time: 3.04s. Time Since Start: 0.3m
      Interval: From  2020-07-19 00:00:00 to 2020-07-19 12:00:00. Jump: 12 hours, Accuracy: 30. Excecution Time: 6.02s. Time Since Start: 0.4m
      Interval: From  2020-07-19 12:00:00 to 2020-07-20 00:00:00. Jump: 12 hours, Accuracy: 30. Excecution Time: 3.41s. Time Since Start: 0.4m
      Interval: From  2020-07-20 00:00:00 to 2020-07-20 12:00:00. Jump: 12 hours, Accuracy: 30. Excecution Time: 3.14s. Time Since Start: 0.5m
      Interval: From  2020-07-20 12:00:00 to 2020-07-21 00:00:00. Jump: 12 hours, Accuracy: 30. Excecution Time: 2.84s. Time Since Start: 0.5m

   Done
   Total time: 0.52 minutes
-------------

Global Time Ellapsed: 13.15 minutes

Excecuting: CO.27 (17 of 24) from 2020-07-17 00:00:00 to 2020-07-21 00:00:00
   Creating table contactos_temp_table, partitioned on column timestamp for depto_code: CO.27
      Done. Records for CO.27 loaded to the table contactos_temp_table. Time: 0.08m

   Started
      Interval: From  2020-07-17 00:00:00 to 2020-07-17 12:00:00. Jump: 12 hours, Accuracy: 30. Excecution Time: 4.03s. Time Since Start: 0.1m
      Interval: From  2020-07-17 12:00:00 to 2020-07-18 00:00:00. Jump: 12 hours, Accuracy: 30. Excecution Time: 3.39s. Time Since Start: 0.1m
      Interval: From  2020-07-18 00:00:00 to 2020-07-18 12:00:00. Jump: 12 hours, Accuracy: 30. Excecution Time: 2.99s. Time Since Start: 0.2m
      Interval: From  2020-07-18 12:00:00 to 2020-07-19 00:00:00. Jump: 12 hours, Accuracy: 30. Excecution Time: 3.33s. Time Since Start: 0.2m
      Interval: From  2020-07-19 00:00:00 to 2020-07-19 12:00:00. Jump: 12 hours, Accuracy: 30. Excecution Time: 3.0s. Time Since Start: 0.3m
      Interval: From  2020-07-19 12:00:00 to 2020-07-20 00:00:00. Jump: 12 hours, Accuracy: 30. Excecution Time: 3.07s. Time Since Start: 0.3m
      Interval: From  2020-07-20 00:00:00 to 2020-07-20 12:00:00. Jump: 12 hours, Accuracy: 30. Excecution Time: 3.2s. Time Since Start: 0.4m
      Interval: From  2020-07-20 12:00:00 to 2020-07-21 00:00:00. Jump: 12 hours, Accuracy: 30. Excecution Time: 2.76s. Time Since Start: 0.4m

   Done
   Total time: 0.43 minutes
-------------

Global Time Ellapsed: 13.67 minutes

Excecuting: CO.04 (18 of 24) from 2020-07-17 00:00:00 to 2020-07-21 00:00:00
   Creating table contactos_temp_table, partitioned on column timestamp for depto_code: CO.04
      Done. Records for CO.04 loaded to the table contactos_temp_table. Time: 0.13m

   Started
      Interval: From  2020-07-17 00:00:00 to 2020-07-17 12:00:00. Jump: 12 hours, Accuracy: 30. Excecution Time: 6.77s. Time Since Start: 0.1m
      Interval: From  2020-07-17 12:00:00 to 2020-07-18 00:00:00. Jump: 12 hours, Accuracy: 30. Excecution Time: 5.36s. Time Since Start: 0.2m
      Interval: From  2020-07-18 00:00:00 to 2020-07-18 12:00:00. Jump: 12 hours, Accuracy: 30. Excecution Time: 3.38s. Time Since Start: 0.3m
      Interval: From  2020-07-18 12:00:00 to 2020-07-19 00:00:00. Jump: 12 hours, Accuracy: 30. Excecution Time: 4.72s. Time Since Start: 0.3m
      Interval: From  2020-07-19 00:00:00 to 2020-07-19 12:00:00. Jump: 12 hours, Accuracy: 30. Excecution Time: 4.67s. Time Since Start: 0.4m
      Interval: From  2020-07-19 12:00:00 to 2020-07-20 00:00:00. Jump: 12 hours, Accuracy: 30. Excecution Time: 3.67s. Time Since Start: 0.5m
      Interval: From  2020-07-20 00:00:00 to 2020-07-20 12:00:00. Jump: 12 hours, Accuracy: 30. Excecution Time: 3.33s. Time Since Start: 0.5m
      Interval: From  2020-07-20 12:00:00 to 2020-07-21 00:00:00. Jump: 12 hours, Accuracy: 30. Excecution Time: 2.45s. Time Since Start: 0.6m

   Done
   Total time: 0.57 minutes
-------------

Global Time Ellapsed: 14.38 minutes

Excecuting: CO.17 (19 of 24) from 2020-07-17 00:00:00 to 2020-07-21 00:00:00
   Creating table contactos_temp_table, partitioned on column timestamp for depto_code: CO.17
      Done. Records for CO.17 loaded to the table contactos_temp_table. Time: 0.08m

   Started
      Interval: From  2020-07-17 00:00:00 to 2020-07-17 12:00:00. Jump: 12 hours, Accuracy: 30. Excecution Time: 3.53s. Time Since Start: 0.1m
      Interval: From  2020-07-17 12:00:00 to 2020-07-18 00:00:00. Jump: 12 hours, Accuracy: 30. Excecution Time: 3.35s. Time Since Start: 0.1m
      Interval: From  2020-07-18 00:00:00 to 2020-07-18 12:00:00. Jump: 12 hours, Accuracy: 30. Excecution Time: 3.09s. Time Since Start: 0.2m
      Interval: From  2020-07-18 12:00:00 to 2020-07-19 00:00:00. Jump: 12 hours, Accuracy: 30. Excecution Time: 2.75s. Time Since Start: 0.2m
      Interval: From  2020-07-19 00:00:00 to 2020-07-19 12:00:00. Jump: 12 hours, Accuracy: 30. Excecution Time: 3.05s. Time Since Start: 0.3m
      Interval: From  2020-07-19 12:00:00 to 2020-07-20 00:00:00. Jump: 12 hours, Accuracy: 30. Excecution Time: 3.35s. Time Since Start: 0.3m
      Interval: From  2020-07-20 00:00:00 to 2020-07-20 12:00:00. Jump: 12 hours, Accuracy: 30. Excecution Time: 2.74s. Time Since Start: 0.4m
      Interval: From  2020-07-20 12:00:00 to 2020-07-21 00:00:00. Jump: 12 hours, Accuracy: 30. Excecution Time: 2.51s. Time Since Start: 0.4m

   Done
   Total time: 0.41 minutes
-------------

Global Time Ellapsed: 14.87 minutes

Excecuting: CO.38 (20 of 24) from 2020-07-17 00:00:00 to 2020-07-21 00:00:00
   Creating table contactos_temp_table, partitioned on column timestamp for depto_code: CO.38
      Done. Records for CO.38 loaded to the table contactos_temp_table. Time: 0.09m

   Started
      Interval: From  2020-07-17 00:00:00 to 2020-07-17 12:00:00. Jump: 12 hours, Accuracy: 30. Excecution Time: 3.72s. Time Since Start: 0.1m
      Interval: From  2020-07-17 12:00:00 to 2020-07-18 00:00:00. Jump: 12 hours, Accuracy: 30. Excecution Time: 7.92s. Time Since Start: 0.2m
      Interval: From  2020-07-18 00:00:00 to 2020-07-18 12:00:00. Jump: 12 hours, Accuracy: 30. Excecution Time: 5.39s. Time Since Start: 0.3m
      Interval: From  2020-07-18 12:00:00 to 2020-07-19 00:00:00. Jump: 12 hours, Accuracy: 30. Excecution Time: 3.72s. Time Since Start: 0.3m
      Interval: From  2020-07-19 00:00:00 to 2020-07-19 12:00:00. Jump: 12 hours, Accuracy: 30. Excecution Time: 3.52s. Time Since Start: 0.4m
      Interval: From  2020-07-19 12:00:00 to 2020-07-20 00:00:00. Jump: 12 hours, Accuracy: 30. Excecution Time: 3.48s. Time Since Start: 0.5m
      Interval: From  2020-07-20 00:00:00 to 2020-07-20 12:00:00. Jump: 12 hours, Accuracy: 30. Excecution Time: 5.08s. Time Since Start: 0.5m
      Interval: From  2020-07-20 12:00:00 to 2020-07-21 00:00:00. Jump: 12 hours, Accuracy: 30. Excecution Time: 2.51s. Time Since Start: 0.6m

   Done
   Total time: 0.59 minutes
-------------

Global Time Ellapsed: 15.55 minutes

Excecuting: CO.10 (21 of 24) from 2020-07-17 00:00:00 to 2020-07-21 00:00:00
   Creating table contactos_temp_table, partitioned on column timestamp for depto_code: CO.10
      Done. Records for CO.10 loaded to the table contactos_temp_table. Time: 0.1m

   Started
      Interval: From  2020-07-17 00:00:00 to 2020-07-17 12:00:00. Jump: 12 hours, Accuracy: 30. Excecution Time: 4.13s. Time Since Start: 0.1m
      Interval: From  2020-07-17 12:00:00 to 2020-07-18 00:00:00. Jump: 12 hours, Accuracy: 30. Excecution Time: 4.11s. Time Since Start: 0.1m
      Interval: From  2020-07-18 00:00:00 to 2020-07-18 12:00:00. Jump: 12 hours, Accuracy: 30. Excecution Time: 3.08s. Time Since Start: 0.2m
      Interval: From  2020-07-18 12:00:00 to 2020-07-19 00:00:00. Jump: 12 hours, Accuracy: 30. Excecution Time: 3.02s. Time Since Start: 0.2m
      Interval: From  2020-07-19 00:00:00 to 2020-07-19 12:00:00. Jump: 12 hours, Accuracy: 30. Excecution Time: 2.89s. Time Since Start: 0.3m
      Interval: From  2020-07-19 12:00:00 to 2020-07-20 00:00:00. Jump: 12 hours, Accuracy: 30. Excecution Time: 3.54s. Time Since Start: 0.3m
      Interval: From  2020-07-20 00:00:00 to 2020-07-20 12:00:00. Jump: 12 hours, Accuracy: 30. Excecution Time: 3.32s. Time Since Start: 0.4m
      Interval: From  2020-07-20 12:00:00 to 2020-07-21 00:00:00. Jump: 12 hours, Accuracy: 30. Excecution Time: 2.16s. Time Since Start: 0.4m

   Done
   Total time: 0.44 minutes
-------------

Global Time Ellapsed: 16.1 minutes

Excecuting: CO.23 (22 of 24) from 2020-07-17 00:00:00 to 2020-07-21 00:00:00
   Creating table contactos_temp_table, partitioned on column timestamp for depto_code: CO.23
      Done. Records for CO.23 loaded to the table contactos_temp_table. Time: 0.08m

   Started
      Interval: From  2020-07-17 00:00:00 to 2020-07-17 12:00:00. Jump: 12 hours, Accuracy: 30. Excecution Time: 3.69s. Time Since Start: 0.1m
      Interval: From  2020-07-17 12:00:00 to 2020-07-18 00:00:00. Jump: 12 hours, Accuracy: 30. Excecution Time: 3.09s. Time Since Start: 0.1m
      Interval: From  2020-07-18 00:00:00 to 2020-07-18 12:00:00. Jump: 12 hours, Accuracy: 30. Excecution Time: 3.02s. Time Since Start: 0.2m
      Interval: From  2020-07-18 12:00:00 to 2020-07-19 00:00:00. Jump: 12 hours, Accuracy: 30. Excecution Time: 3.08s. Time Since Start: 0.2m
      Interval: From  2020-07-19 00:00:00 to 2020-07-19 12:00:00. Jump: 12 hours, Accuracy: 30. Excecution Time: 3.04s. Time Since Start: 0.3m
      Interval: From  2020-07-19 12:00:00 to 2020-07-20 00:00:00. Jump: 12 hours, Accuracy: 30. Excecution Time: 3.9s. Time Since Start: 0.3m
      Interval: From  2020-07-20 00:00:00 to 2020-07-20 12:00:00. Jump: 12 hours, Accuracy: 30. Excecution Time: 3.11s. Time Since Start: 0.4m
      Interval: From  2020-07-20 12:00:00 to 2020-07-21 00:00:00. Jump: 12 hours, Accuracy: 30. Excecution Time: 2.99s. Time Since Start: 0.4m

   Done
   Total time: 0.43 minutes
-------------

Global Time Ellapsed: 16.62 minutes

Excecuting: CO.24 (23 of 24) from 2020-07-17 00:00:00 to 2020-07-21 00:00:00
   Creating table contactos_temp_table, partitioned on column timestamp for depto_code: CO.24
      Done. Records for CO.24 loaded to the table contactos_temp_table. Time: 0.11m

   Started
      Interval: From  2020-07-17 00:00:00 to 2020-07-17 12:00:00. Jump: 12 hours, Accuracy: 30. Excecution Time: 4.6s. Time Since Start: 0.1m
      Interval: From  2020-07-17 12:00:00 to 2020-07-18 00:00:00. Jump: 12 hours, Accuracy: 30. Excecution Time: 4.37s. Time Since Start: 0.1m
      Interval: From  2020-07-18 00:00:00 to 2020-07-18 12:00:00. Jump: 12 hours, Accuracy: 30. Excecution Time: 3.25s. Time Since Start: 0.2m
      Interval: From  2020-07-18 12:00:00 to 2020-07-19 00:00:00. Jump: 12 hours, Accuracy: 30. Excecution Time: 3.35s. Time Since Start: 0.3m
      Interval: From  2020-07-19 00:00:00 to 2020-07-19 12:00:00. Jump: 12 hours, Accuracy: 30. Excecution Time: 3.35s. Time Since Start: 0.3m
      Interval: From  2020-07-19 12:00:00 to 2020-07-20 00:00:00. Jump: 12 hours, Accuracy: 30. Excecution Time: 3.31s. Time Since Start: 0.4m
      Interval: From  2020-07-20 00:00:00 to 2020-07-20 12:00:00. Jump: 12 hours, Accuracy: 30. Excecution Time: 3.06s. Time Since Start: 0.4m
      Interval: From  2020-07-20 12:00:00 to 2020-07-21 00:00:00. Jump: 12 hours, Accuracy: 30. Excecution Time: 2.76s. Time Since Start: 0.5m

   Done
   Total time: 0.47 minutes
-------------

Global Time Ellapsed: 17.2 minutes

Excecuting: CO.11 (24 of 24) from 2020-07-17 00:00:00 to 2020-07-21 00:00:00
   Creating table contactos_temp_table, partitioned on column timestamp for depto_code: CO.11
      Done. Records for CO.11 loaded to the table contactos_temp_table. Time: 0.09m

   Started
      Interval: From  2020-07-17 00:00:00 to 2020-07-17 12:00:00. Jump: 12 hours, Accuracy: 30. Excecution Time: 3.7s. Time Since Start: 0.1m
      Interval: From  2020-07-17 12:00:00 to 2020-07-18 00:00:00. Jump: 12 hours, Accuracy: 30. Excecution Time: 3.01s. Time Since Start: 0.1m
      Interval: From  2020-07-18 00:00:00 to 2020-07-18 12:00:00. Jump: 12 hours, Accuracy: 30. Excecution Time: 2.9s. Time Since Start: 0.2m
      Interval: From  2020-07-18 12:00:00 to 2020-07-19 00:00:00. Jump: 12 hours, Accuracy: 30. Excecution Time: 3.2s. Time Since Start: 0.2m
      Interval: From  2020-07-19 00:00:00 to 2020-07-19 12:00:00. Jump: 12 hours, Accuracy: 30. Excecution Time: 3.16s. Time Since Start: 0.3m
      Interval: From  2020-07-19 12:00:00 to 2020-07-20 00:00:00. Jump: 12 hours, Accuracy: 30. Excecution Time: 3.77s. Time Since Start: 0.3m
      Interval: From  2020-07-20 00:00:00 to 2020-07-20 12:00:00. Jump: 12 hours, Accuracy: 30. Excecution Time: 2.82s. Time Since Start: 0.4m
      Interval: From  2020-07-20 12:00:00 to 2020-07-21 00:00:00. Jump: 12 hours, Accuracy: 30. Excecution Time: 2.58s. Time Since Start: 0.4m

   Done
   Total time: 0.42 minutes
-------------

Global Time Ellapsed: 17.71 minutes

Total time: 17.71 minutes
--------------------------------------

Transits

Started
   Excecuting: colombia_university_andes_cede_principal (1 of 36)
      Adding transtits for: colombia_university_andes_cede_principal. Between: 2020-07-17 and 2020-07-21
      Done
   Current Time: 0.53 minutes

   Excecuting: colombia_university_rosario_quinta_mutis (2 of 36)
      Adding transtits for: colombia_university_rosario_quinta_mutis. Between: 2020-07-17 and 2020-07-21
      Done
   Current Time: 1.0 minutes

   Excecuting: colombia_university_rosario_claustro (3 of 36)
      Adding transtits for: colombia_university_rosario_claustro. Between: 2020-07-17 and 2020-07-21
      Done
   Current Time: 1.47 minutes

   Excecuting: colombia_university_rosario_campus_norte (4 of 36)
      Adding transtits for: colombia_university_rosario_campus_norte. Between: 2020-07-14 and 2020-07-21
      Done
   Current Time: 1.9 minutes

   Excecuting: colombia_university_rosario_mederi (5 of 36)
      Adding transtits for: colombia_university_rosario_mederi. Between: 2020-07-17 and 2020-07-21
      Done
   Current Time: 2.42 minutes

   Excecuting: colombia_university_rosario_gsb (6 of 36)
      Adding transtits for: colombia_university_rosario_gsb. Between: 2020-07-17 and 2020-07-21
      Done
   Current Time: 2.93 minutes

   Excecuting: colombia_university_javeriana_cede_principal (7 of 36)
      Adding transtits for: colombia_university_javeriana_cede_principal. Between: 2020-07-17 and 2020-07-21
      Done
   Current Time: 3.59 minutes

   Excecuting: colombia_bogota (8 of 36)
      Adding transtits for: colombia_bogota. Between: 2020-07-17 and 2020-07-21
      Done
   Current Time: 3.98 minutes

   Excecuting: colombia_barranquilla (9 of 36)
      Adding transtits for: colombia_barranquilla. Between: 2020-07-17 and 2020-07-21
      Done
   Current Time: 4.35 minutes

   Excecuting: colombia_cartagena (10 of 36)
      Adding transtits for: colombia_cartagena. Between: 2020-07-17 and 2020-07-21
      Done
   Current Time: 5.32 minutes

   Excecuting: colombia_medellin (11 of 36)
      Adding transtits for: colombia_medellin. Between: 2020-07-17 and 2020-07-21
      Done
   Current Time: 5.71 minutes

   Excecuting: colombia_boyaca (12 of 36)
      Adding transtits for: colombia_boyaca. Between: 2020-07-17 and 2020-07-21
      Done
   Current Time: 6.13 minutes

   Excecuting: colombia_magdalena (13 of 36)
      Adding transtits for: colombia_magdalena. Between: 2020-07-17 and 2020-07-21
      Done
   Current Time: 6.47 minutes

   Excecuting: colombia_valle_del_cauca (14 of 36)
      Adding transtits for: colombia_valle_del_cauca. Between: 2020-07-17 and 2020-07-21
      Done
   Current Time: 6.81 minutes

   Excecuting: colombia_cauca (15 of 36)
      Adding transtits for: colombia_cauca. Between: 2020-07-17 and 2020-07-21
      Done
   Current Time: 7.22 minutes

   Excecuting: colombia_agglomerations_covid_friday (16 of 36)
      Adding transtits for: colombia_agglomerations_covid_friday. Between: 2020-07-17 and 2020-07-21
      Done
   Current Time: 7.78 minutes

   Excecuting: colombia_bogota_localidad_usaquen (17 of 36)
      Adding transtits for: colombia_bogota_localidad_usaquen. Between: 2020-07-17 and 2020-07-21
      Done
   Current Time: 8.11 minutes

   Excecuting: colombia_bogota_localidad_suba (18 of 36)
      Adding transtits for: colombia_bogota_localidad_suba. Between: 2020-07-17 and 2020-07-21
      Done
   Current Time: 8.44 minutes

   Excecuting: colombia_bogota_localidad_tunjuelito (19 of 36)
      Adding transtits for: colombia_bogota_localidad_tunjuelito. Between: 2020-07-17 and 2020-07-21
      Done
   Current Time: 8.76 minutes

   Excecuting: colombia_bogota_localidad_ciudad_bolivar (20 of 36)
      Adding transtits for: colombia_bogota_localidad_ciudad_bolivar. Between: 2020-07-17 and 2020-07-21
      Done
   Current Time: 9.12 minutes

   Excecuting: colombia_bogota_localidad_sumapaz (21 of 36)
      Adding transtits for: colombia_bogota_localidad_sumapaz. Between: 2020-07-17 and 2020-07-21
      Done
   Current Time: 9.52 minutes

   Excecuting: colombia_bogota_localidad_usme (22 of 36)
      Adding transtits for: colombia_bogota_localidad_usme. Between: 2020-07-17 and 2020-07-21
      Done
   Current Time: 9.85 minutes

   Excecuting: colombia_bogota_localidad_teusaquillo (23 of 36)
      Adding transtits for: colombia_bogota_localidad_teusaquillo. Between: 2020-07-17 and 2020-07-21
      Done
   Current Time: 11.27 minutes

   Excecuting: colombia_bogota_localidad_fontibon (24 of 36)
      Adding transtits for: colombia_bogota_localidad_fontibon. Between: 2020-07-17 and 2020-07-21
      Done
   Current Time: 11.62 minutes

   Excecuting: colombia_bogota_localidad_kennedy (25 of 36)
      Adding transtits for: colombia_bogota_localidad_kennedy. Between: 2020-07-17 and 2020-07-21
      Done
   Current Time: 12.08 minutes

   Excecuting: colombia_bogota_localidad_bosa (26 of 36)
      Adding transtits for: colombia_bogota_localidad_bosa. Between: 2020-07-17 and 2020-07-21
      Done
   Current Time: 12.44 minutes

   Excecuting: colombia_bogota_localidad_rafael_uribe_uribe (27 of 36)
      Adding transtits for: colombia_bogota_localidad_rafael_uribe_uribe. Between: 2020-07-17 and 2020-07-21
      Done
   Current Time: 12.83 minutes

   Excecuting: colombia_bogota_localidad_candelaria (28 of 36)
      Adding transtits for: colombia_bogota_localidad_candelaria. Between: 2020-07-17 and 2020-07-21
      Done
   Current Time: 13.19 minutes

   Excecuting: colombia_bogota_localidad_los_martires (29 of 36)
      Adding transtits for: colombia_bogota_localidad_los_martires. Between: 2020-07-17 and 2020-07-21
      Done
   Current Time: 13.52 minutes

   Excecuting: colombia_bogota_localidad_barrios_unidos (30 of 36)
      Adding transtits for: colombia_bogota_localidad_barrios_unidos. Between: 2020-07-17 and 2020-07-21
      Done
   Current Time: 13.85 minutes

   Excecuting: colombia_bogota_localidad_santa_fe (31 of 36)
      Adding transtits for: colombia_bogota_localidad_santa_fe. Between: 2020-07-17 and 2020-07-21
      Done
   Current Time: 14.28 minutes

   Excecuting: colombia_bogota_localidad_antonio_narino (32 of 36)
      Adding transtits for: colombia_bogota_localidad_antonio_narino. Between: 2020-07-17 and 2020-07-21
      Done
   Current Time: 14.59 minutes

   Excecuting: colombia_bogota_localidad_san_cristobal (33 of 36)
      Adding transtits for: colombia_bogota_localidad_san_cristobal. Between: 2020-07-17 and 2020-07-21
      Done
   Current Time: 14.93 minutes

   Excecuting: colombia_bogota_localidad_chapinero (34 of 36)
      Adding transtits for: colombia_bogota_localidad_chapinero. Between: 2020-07-17 and 2020-07-21
      Done
   Current Time: 15.43 minutes

   Excecuting: colombia_bogota_localidad_engativa (35 of 36)
      Adding transtits for: colombia_bogota_localidad_engativa. Between: 2020-07-17 and 2020-07-21
      Done
   Current Time: 15.78 minutes

   Excecuting: colombia_bogota_localidad_puente_aranda (36 of 36)
      Adding transtits for: colombia_bogota_localidad_puente_aranda. Between: 2020-07-17 and 2020-07-21
      Done
   Current Time: 17.81 minutes


-------------------
Total Time: 17.81 minutes
--------------------------------------

Edgelists

   Extracts Coverage
Started
   Excecuting: colombia_university_andes_cede_principal (1 of 36)
      Computing 2020-07-16 00:00:00
      Computing 2020-07-17 00:00:00
      Computing 2020-07-18 00:00:00
      Computing 2020-07-19 00:00:00
   Current Time: 0.28 minutes

   Excecuting: colombia_university_rosario_quinta_mutis (2 of 36)
      Computing 2020-07-16 00:00:00
      Computing 2020-07-17 00:00:00
      Computing 2020-07-18 00:00:00
      Computing 2020-07-19 00:00:00
   Current Time: 0.61 minutes

   Excecuting: colombia_university_rosario_claustro (3 of 36)
      Computing 2020-07-16 00:00:00
      Computing 2020-07-17 00:00:00
      Computing 2020-07-18 00:00:00
      Computing 2020-07-19 00:00:00
   Current Time: 0.87 minutes

   Excecuting: colombia_university_rosario_campus_norte (4 of 36)
      Computing 2020-07-13 00:00:00
      Computing 2020-07-14 00:00:00
      Computing 2020-07-15 00:00:00
      Computing 2020-07-16 00:00:00
      Computing 2020-07-17 00:00:00
      Computing 2020-07-18 00:00:00
      Computing 2020-07-19 00:00:00
   Current Time: 1.38 minutes

   Excecuting: colombia_university_rosario_mederi (5 of 36)
      Computing 2020-07-16 00:00:00
      Computing 2020-07-17 00:00:00
      Computing 2020-07-18 00:00:00
      Computing 2020-07-19 00:00:00
   Current Time: 1.61 minutes

   Excecuting: colombia_university_rosario_gsb (6 of 36)
      Computing 2020-07-16 00:00:00
      Computing 2020-07-17 00:00:00
      Computing 2020-07-18 00:00:00
      Computing 2020-07-19 00:00:00
   Current Time: 1.89 minutes

   Excecuting: colombia_university_javeriana_cede_principal (7 of 36)
      Computing 2020-07-16 00:00:00
      Computing 2020-07-17 00:00:00
      Computing 2020-07-18 00:00:00
      Computing 2020-07-19 00:00:00
   Current Time: 2.14 minutes

   Excecuting: colombia_bogota (8 of 36)
      Computing 2020-07-16 00:00:00
      Computing 2020-07-17 00:00:00
      Computing 2020-07-18 00:00:00
      Computing 2020-07-19 00:00:00
   Current Time: 2.75 minutes

   Excecuting: colombia_barranquilla (9 of 36)
      Computing 2020-07-16 00:00:00
      Computing 2020-07-17 00:00:00
      Computing 2020-07-18 00:00:00
      Computing 2020-07-19 00:00:00
   Current Time: 3.02 minutes

   Excecuting: colombia_cartagena (10 of 36)
      Computing 2020-07-16 00:00:00
      Computing 2020-07-17 00:00:00
      Computing 2020-07-18 00:00:00
      Computing 2020-07-19 00:00:00
   Current Time: 3.26 minutes

   Excecuting: colombia_medellin (11 of 36)
      Computing 2020-07-16 00:00:00
      Computing 2020-07-17 00:00:00
      Computing 2020-07-18 00:00:00
      Computing 2020-07-19 00:00:00
   Current Time: 3.62 minutes

   Excecuting: colombia_boyaca (12 of 36)
      Computing 2020-07-16 00:00:00
      Computing 2020-07-17 00:00:00
      Computing 2020-07-18 00:00:00
      Computing 2020-07-19 00:00:00
   Current Time: 3.93 minutes

   Excecuting: colombia_magdalena (13 of 36)
      Computing 2020-07-16 00:00:00
      Computing 2020-07-17 00:00:00
      Computing 2020-07-18 00:00:00
      Computing 2020-07-19 00:00:00
   Current Time: 4.17 minutes

   Excecuting: colombia_valle_del_cauca (14 of 36)
      Computing 2020-07-16 00:00:00
      Computing 2020-07-17 00:00:00
      Computing 2020-07-18 00:00:00
      Computing 2020-07-19 00:00:00
   Current Time: 4.44 minutes

   Excecuting: colombia_cauca (15 of 36)
      Computing 2020-07-16 00:00:00
      Computing 2020-07-17 00:00:00
      Computing 2020-07-18 00:00:00
      Computing 2020-07-19 00:00:00
   Current Time: 4.67 minutes

   Excecuting: colombia_agglomerations_covid_friday (16 of 36)
      Computing 2020-07-16 00:00:00
      Computing 2020-07-17 00:00:00
      Computing 2020-07-18 00:00:00
      Computing 2020-07-19 00:00:00
   Current Time: 5.03 minutes

   Excecuting: colombia_bogota_localidad_usaquen (17 of 36)
      Computing 2020-07-16 00:00:00
      Computing 2020-07-17 00:00:00
      Computing 2020-07-18 00:00:00
      Computing 2020-07-19 00:00:00
   Current Time: 5.29 minutes

   Excecuting: colombia_bogota_localidad_suba (18 of 36)
      Computing 2020-07-16 00:00:00
      Computing 2020-07-17 00:00:00
      Computing 2020-07-18 00:00:00
      Computing 2020-07-19 00:00:00
   Current Time: 5.56 minutes

   Excecuting: colombia_bogota_localidad_tunjuelito (19 of 36)
      Computing 2020-07-16 00:00:00
      Computing 2020-07-17 00:00:00
      Computing 2020-07-18 00:00:00
      Computing 2020-07-19 00:00:00
   Current Time: 5.8 minutes

   Excecuting: colombia_bogota_localidad_ciudad_bolivar (20 of 36)
      Computing 2020-07-16 00:00:00
      Computing 2020-07-17 00:00:00
      Computing 2020-07-18 00:00:00
      Computing 2020-07-19 00:00:00
   Current Time: 6.03 minutes

   Excecuting: colombia_bogota_localidad_sumapaz (21 of 36)
      Computing 2020-07-15 00:00:00
      Computing 2020-07-16 00:00:00
      Computing 2020-07-17 00:00:00
      Computing 2020-07-18 00:00:00
      Computing 2020-07-19 00:00:00
   Current Time: 6.3 minutes

   Excecuting: colombia_bogota_localidad_usme (22 of 36)
      Computing 2020-07-16 00:00:00
      Computing 2020-07-17 00:00:00
      Computing 2020-07-18 00:00:00
      Computing 2020-07-19 00:00:00
   Current Time: 6.53 minutes

   Excecuting: colombia_bogota_localidad_teusaquillo (23 of 36)
      Computing 2020-07-16 00:00:00
      Computing 2020-07-17 00:00:00
      Computing 2020-07-18 00:00:00
      Computing 2020-07-19 00:00:00
   Current Time: 6.76 minutes

   Excecuting: colombia_bogota_localidad_fontibon (24 of 36)
      Computing 2020-07-16 00:00:00
      Computing 2020-07-17 00:00:00
      Computing 2020-07-18 00:00:00
      Computing 2020-07-19 00:00:00
   Current Time: 6.99 minutes

   Excecuting: colombia_bogota_localidad_kennedy (25 of 36)
      Computing 2020-07-16 00:00:00
      Computing 2020-07-17 00:00:00
      Computing 2020-07-18 00:00:00
      Computing 2020-07-19 00:00:00
   Current Time: 7.22 minutes

   Excecuting: colombia_bogota_localidad_bosa (26 of 36)
      Computing 2020-07-16 00:00:00
      Computing 2020-07-17 00:00:00
      Computing 2020-07-18 00:00:00
      Computing 2020-07-19 00:00:00
   Current Time: 7.47 minutes

   Excecuting: colombia_bogota_localidad_rafael_uribe_uribe (27 of 36)
      Computing 2020-07-16 00:00:00
      Computing 2020-07-17 00:00:00
      Computing 2020-07-18 00:00:00
      Computing 2020-07-19 00:00:00
   Current Time: 7.68 minutes

   Excecuting: colombia_bogota_localidad_candelaria (28 of 36)
      Computing 2020-07-16 00:00:00
      Computing 2020-07-17 00:00:00
      Computing 2020-07-18 00:00:00
      Computing 2020-07-19 00:00:00
   Current Time: 7.93 minutes

   Excecuting: colombia_bogota_localidad_los_martires (29 of 36)
      Computing 2020-07-16 00:00:00
      Computing 2020-07-17 00:00:00
      Computing 2020-07-18 00:00:00
      Computing 2020-07-19 00:00:00
   Current Time: 8.3 minutes

   Excecuting: colombia_bogota_localidad_barrios_unidos (30 of 36)
      Computing 2020-07-16 00:00:00
      Computing 2020-07-17 00:00:00
      Computing 2020-07-18 00:00:00
      Computing 2020-07-19 00:00:00
   Current Time: 8.53 minutes

   Excecuting: colombia_bogota_localidad_santa_fe (31 of 36)
      Computing 2020-07-16 00:00:00
      Computing 2020-07-17 00:00:00
      Computing 2020-07-18 00:00:00
      Computing 2020-07-19 00:00:00
   Current Time: 8.79 minutes

   Excecuting: colombia_bogota_localidad_antonio_narino (32 of 36)
      Computing 2020-07-16 00:00:00
      Computing 2020-07-17 00:00:00
      Computing 2020-07-18 00:00:00
      Computing 2020-07-19 00:00:00
   Current Time: 9.02 minutes

   Excecuting: colombia_bogota_localidad_san_cristobal (33 of 36)
      Computing 2020-07-16 00:00:00
      Computing 2020-07-17 00:00:00
      Computing 2020-07-18 00:00:00
      Computing 2020-07-19 00:00:00
   Current Time: 9.24 minutes

   Excecuting: colombia_bogota_localidad_chapinero (34 of 36)
      Computing 2020-07-16 00:00:00
      Computing 2020-07-17 00:00:00
      Computing 2020-07-18 00:00:00
      Computing 2020-07-19 00:00:00
   Current Time: 9.76 minutes

   Excecuting: colombia_bogota_localidad_engativa (35 of 36)
      Computing 2020-07-16 00:00:00
      Computing 2020-07-17 00:00:00
      Computing 2020-07-18 00:00:00
      Computing 2020-07-19 00:00:00
   Current Time: 10.09 minutes

   Excecuting: colombia_bogota_localidad_puente_aranda (36 of 36)
      Computing 2020-07-16 00:00:00
      Computing 2020-07-17 00:00:00
      Computing 2020-07-18 00:00:00
      Computing 2020-07-19 00:00:00
   Current Time: 10.32 minutes

Saves coverage

-------------------
Total Time: 10.46 minutes
--------------------------------------

All Done
<-OK->
